{
    "/users/hshivam/CS744-Colocation/v100_lat_exp5/4_i.log": {
        "startStep": 8,
        "endStep": 1000,
        "numStep": 992,
        "duration": 138.722332239151,
        "thr": 7.150975506163182,
        "lat": 0.13984106072495062
    },
    "/users/hshivam/CS744-Colocation/v100_lat_exp5/4_t1.log": {
        "startStep": 2,
        "endStep": 325,
        "numStep": 323,
        "duration": 138.9752995967865,
        "thr": 2.3241540110877996,
        "lat": 0.4302640854389675
    },
    "/users/hshivam/CS744-Colocation/v100_lat_exp5/4_t2.log": {
        "startStep": 3,
        "endStep": 326,
        "numStep": 323,
        "duration": 138.6726324558258,
        "thr": 2.3292267138787586,
        "lat": 0.42932703546695294
    },
    "/users/hshivam/CS744-Colocation/v100_lat_exp5/4_t3.log": {
        "startStep": 3,
        "endStep": 325,
        "numStep": 322,
        "duration": 138.25959014892578,
        "thr": 2.3289523688965006,
        "lat": 0.4293776091581546
    }
}