{
    "/users/hshivam/CS744-Colocation/v100_lat_exp/4_lstm.log": {
        "startStep": 674,
        "endStep": 1559,
        "numStep": 885,
        "duration": 22.895175457000732,
        "thr": 38.65443187636244,
        "lat": 0.025870254753673144
    },
    "/users/hshivam/CS744-Colocation/v100_lat_exp/4_s2s.log": {
        "startStep": 2,
        "endStep": 499,
        "numStep": 497,
        "duration": 22.897807359695435,
        "thr": 21.705135002350314,
        "lat": 0.04607204700139927
    },
    "/users/hshivam/CS744-Colocation/v100_lat_exp/4_resnet50.log": {
        "startStep": 223,
        "endStep": 473,
        "numStep": 250,
        "duration": 22.76983880996704,
        "thr": 10.979436529457008,
        "lat": 0.09107935523986817
    },
    "/users/hshivam/CS744-Colocation/v100_lat_exp/4_cyclegan.log": {
        "startStep": 437,
        "endStep": 998,
        "numStep": 561,
        "duration": 22.84706449508667,
        "thr": 24.554576808790674,
        "lat": 0.0407256051605823
    }
}